  analysis.cpp
C:\Users\west9\Documents\GitHub\12-abstract-data-types-Felix-Jeong\Chp11\analysis.cpp(1,1): warning C4819: 현재 코드 페이지(949)에서 표시할 수 없는 문자가 파일에 들어 있습니다. 데이터가 손실되지 않게 하려면 해당 파일을 유니코드 형식으로 저장하십시오.
C:\Users\west9\Documents\GitHub\12-abstract-data-types-Felix-Jeong\Chp11\Student_info.h(1,1): warning C4819: 현재 코드 페이지(949)에서 표시할 수 없는 문자가 파일에 들어 있습니다. 데이터가 손실되지 않게 하려면 해당 파일을 유니코드 형식으로 저장하십시오.
  grade.cpp
C:\Users\west9\Documents\GitHub\12-abstract-data-types-Felix-Jeong\Chp11\grade.cpp(1,1): warning C4819: 현재 코드 페이지(949)에서 표시할 수 없는 문자가 파일에 들어 있습니다. 데이터가 손실되지 않게 하려면 해당 파일을 유니코드 형식으로 저장하십시오.
C:\Users\west9\Documents\GitHub\12-abstract-data-types-Felix-Jeong\Chp11\Student_info.h(1,1): warning C4819: 현재 코드 페이지(949)에서 표시할 수 없는 문자가 파일에 들어 있습니다. 데이터가 손실되지 않게 하려면 해당 파일을 유니코드 형식으로 저장하십시오.
  main.cpp
C:\Users\west9\Documents\GitHub\12-abstract-data-types-Felix-Jeong\Chp11\main.cpp(1,1): warning C4828: 파일에 0xb30 오프셋에서 시작하는 문자가 포함되어 있습니다. 이 문자는 현재 원본 문자 집합에서 잘못된 문자입니다(코드 페이지 949).
C:\Users\west9\Documents\GitHub\12-abstract-data-types-Felix-Jeong\Chp11\main.cpp(1,1): warning C4819: 현재 코드 페이지(949)에서 표시할 수 없는 문자가 파일에 들어 있습니다. 데이터가 손실되지 않게 하려면 해당 파일을 유니코드 형식으로 저장하십시오.
C:\Users\west9\Documents\GitHub\12-abstract-data-types-Felix-Jeong\Chp11\Student_info.h(1,1): warning C4819: 현재 코드 페이지(949)에서 표시할 수 없는 문자가 파일에 들어 있습니다. 데이터가 손실되지 않게 하려면 해당 파일을 유니코드 형식으로 저장하십시오.
  median.cpp
C:\Users\west9\Documents\GitHub\12-abstract-data-types-Felix-Jeong\Chp11\median.cpp(1,1): warning C4819: 현재 코드 페이지(949)에서 표시할 수 없는 문자가 파일에 들어 있습니다. 데이터가 손실되지 않게 하려면 해당 파일을 유니코드 형식으로 저장하십시오.
C:\Users\west9\Documents\GitHub\12-abstract-data-types-Felix-Jeong\Chp11\Student_info.h(1,1): warning C4819: 현재 코드 페이지(949)에서 표시할 수 없는 문자가 파일에 들어 있습니다. 데이터가 손실되지 않게 하려면 해당 파일을 유니코드 형식으로 저장하십시오.
  Student_info.cpp
C:\Users\west9\Documents\GitHub\12-abstract-data-types-Felix-Jeong\Chp11\Student_info.cpp(1,1): warning C4819: 현재 코드 페이지(949)에서 표시할 수 없는 문자가 파일에 들어 있습니다. 데이터가 손실되지 않게 하려면 해당 파일을 유니코드 형식으로 저장하십시오.
C:\Users\west9\Documents\GitHub\12-abstract-data-types-Felix-Jeong\Chp11\Student_info.h(1,1): warning C4819: 현재 코드 페이지(949)에서 표시할 수 없는 문자가 파일에 들어 있습니다. 데이터가 손실되지 않게 하려면 해당 파일을 유니코드 형식으로 저장하십시오.
  util.cpp
C:\Users\west9\Documents\GitHub\12-abstract-data-types-Felix-Jeong\Chp11\util.cpp(1,1): warning C4819: 현재 코드 페이지(949)에서 표시할 수 없는 문자가 파일에 들어 있습니다. 데이터가 손실되지 않게 하려면 해당 파일을 유니코드 형식으로 저장하십시오.
C:\Users\west9\Documents\GitHub\12-abstract-data-types-Felix-Jeong\Chp11\Student_info.h(1,1): warning C4819: 현재 코드 페이지(949)에서 표시할 수 없는 문자가 파일에 들어 있습니다. 데이터가 손실되지 않게 하려면 해당 파일을 유니코드 형식으로 저장하십시오.
  코드를 생성하고 있습니다...
C:\Users\west9\Documents\GitHub\12-abstract-data-types-Felix-Jeong\Chp11\util.cpp(121): warning C4715: 'checkHw': 모든 제어 경로에서 값을 반환하지는 않습니다.
C:\Users\west9\Documents\GitHub\12-abstract-data-types-Felix-Jeong\Chp11\util.cpp(37): warning C4715: 'printGreeting': 모든 제어 경로에서 값을 반환하지는 않습니다.
C:\Users\west9\Documents\GitHub\12-abstract-data-types-Felix-Jeong\Chp11\Student_info.cpp(38): warning C4715: 'read_hw': 모든 제어 경로에서 값을 반환하지는 않습니다.
  Chp11.vcxproj -> C:\Users\west9\Documents\GitHub\12-abstract-data-types-Felix-Jeong\Chp11\x64\Debug\Chp11.exe
